Mon Sep 05 22:33:48 IST 2016  [debug] AvalonLogSystem initialized using logfile 'velocity.log'
Mon Sep 05 22:33:48 IST 2016   [info] ************************************************************** 
Mon Sep 05 22:33:48 IST 2016   [info] Starting Jakarta Velocity v1.4
Mon Sep 05 22:33:48 IST 2016   [info] RuntimeInstance initializing.
Mon Sep 05 22:33:48 IST 2016   [info] Default Properties File: org\apache\velocity\runtime\defaults\velocity.properties
Mon Sep 05 22:33:48 IST 2016   [info] Trying to use logger class org.apache.velocity.runtime.log.AvalonLogSystem
Mon Sep 05 22:33:48 IST 2016   [info] Using logger class org.apache.velocity.runtime.log.AvalonLogSystem
Mon Sep 05 22:33:48 IST 2016   [info] Default ResourceManager initializing. (class org.apache.velocity.runtime.resource.ResourceManagerImpl)
Mon Sep 05 22:33:48 IST 2016   [info] Resource Loader Instantiated: org.apache.velocity.runtime.resource.loader.ClasspathResourceLoader
Mon Sep 05 22:33:48 IST 2016   [info] ClasspathResourceLoader : initialization starting.
Mon Sep 05 22:33:48 IST 2016   [info] ClasspathResourceLoader : initialization complete.
Mon Sep 05 22:33:48 IST 2016   [info] ResourceCache : initialized. (class org.apache.velocity.runtime.resource.ResourceCacheImpl)
Mon Sep 05 22:33:48 IST 2016   [info] Default ResourceManager initialization complete.
Mon Sep 05 22:33:48 IST 2016   [info] Loaded System Directive: org.apache.velocity.runtime.directive.Literal
Mon Sep 05 22:33:48 IST 2016   [info] Loaded System Directive: org.apache.velocity.runtime.directive.Macro
Mon Sep 05 22:33:48 IST 2016   [info] Loaded System Directive: org.apache.velocity.runtime.directive.Parse
Mon Sep 05 22:33:48 IST 2016   [info] Loaded System Directive: org.apache.velocity.runtime.directive.Include
Mon Sep 05 22:33:48 IST 2016   [info] Loaded System Directive: org.apache.velocity.runtime.directive.Foreach
Mon Sep 05 22:33:48 IST 2016   [info] Created: 20 parsers.
Mon Sep 05 22:33:48 IST 2016   [info] Velocimacro : initialization starting.
Mon Sep 05 22:33:48 IST 2016   [info] Velocimacro : adding VMs from VM library template : VM_global_library.vm
Mon Sep 05 22:33:48 IST 2016  [error] ResourceManager : unable to find resource 'VM_global_library.vm' in any resource loader.
Mon Sep 05 22:33:48 IST 2016   [info] Velocimacro : error using  VM library template VM_global_library.vm : org.apache.velocity.exception.ResourceNotFoundException: Unable to find resource 'VM_global_library.vm'
Mon Sep 05 22:33:48 IST 2016   [info] Velocimacro :  VM library template macro registration complete.
Mon Sep 05 22:33:48 IST 2016   [info] Velocimacro : allowInline = true : VMs can be defined inline in templates
Mon Sep 05 22:33:48 IST 2016   [info] Velocimacro : allowInlineToOverride = false : VMs defined inline may NOT replace previous VM definitions
Mon Sep 05 22:33:48 IST 2016   [info] Velocimacro : allowInlineLocal = false : VMs defined inline will be  global in scope if allowed.
Mon Sep 05 22:33:48 IST 2016   [info] Velocimacro : messages on  : VM system will output logging messages
Mon Sep 05 22:33:48 IST 2016   [info] Velocimacro : autoload off  : VM system will not automatically reload global library macros
Mon Sep 05 22:33:48 IST 2016   [info] Velocimacro : initialization complete.
Mon Sep 05 22:33:48 IST 2016   [info] Velocity successfully started.
Mon Sep 05 22:33:48 IST 2016   [info] ResourceManager : found forget.vm with loader org.apache.velocity.runtime.resource.loader.ClasspathResourceLoader
